  [1m[35m (0.1ms)[0m  [1m[34mSELECT sqlite_version(*)[0m
  ↳ bin/rails:4
  [1m[35m (239.4ms)[0m  [1m[35mCREATE TABLE "schema_migrations" ("version" varchar NOT NULL PRIMARY KEY)[0m
  ↳ bin/rails:4
  [1m[35m (129.1ms)[0m  [1m[35mCREATE TABLE "ar_internal_metadata" ("key" varchar NOT NULL PRIMARY KEY, "value" varchar, "created_at" datetime NOT NULL, "updated_at" datetime NOT NULL)[0m
  ↳ bin/rails:4
  [1m[35m (0.8ms)[0m  [1m[34mSELECT "schema_migrations"."version" FROM "schema_migrations" ORDER BY "schema_migrations"."version" ASC[0m
  ↳ bin/rails:4
Migrating to CreateDepartments (20190927035901)
  [1m[35m (0.1ms)[0m  [1m[36mbegin transaction[0m
  ↳ bin/rails:4
  [1m[35m (11.3ms)[0m  [1m[35mCREATE TABLE "departments" ("id" integer PRIMARY KEY AUTOINCREMENT NOT NULL, "name" varchar, "created_at" datetime NOT NULL, "updated_at" datetime NOT NULL)[0m
  ↳ db/migrate/20190927035901_create_departments.rb:3
  [1m[36mActiveRecord::SchemaMigration Create (0.4ms)[0m  [1m[32mINSERT INTO "schema_migrations" ("version") VALUES (?)[0m  [["version", "20190927035901"]]
  ↳ bin/rails:4
  [1m[35m (197.8ms)[0m  [1m[36mcommit transaction[0m
  ↳ bin/rails:4
  [1m[36mActiveRecord::InternalMetadata Load (0.7ms)[0m  [1m[34mSELECT  "ar_internal_metadata".* FROM "ar_internal_metadata" WHERE "ar_internal_metadata"."key" = ? LIMIT ?[0m  [["key", "environment"], ["LIMIT", 1]]
  ↳ bin/rails:4
  [1m[35m (0.2ms)[0m  [1m[36mbegin transaction[0m
  ↳ bin/rails:4
  [1m[36mActiveRecord::InternalMetadata Create (1.3ms)[0m  [1m[32mINSERT INTO "ar_internal_metadata" ("key", "value", "created_at", "updated_at") VALUES (?, ?, ?, ?)[0m  [["key", "environment"], ["value", "development"], ["created_at", "2019-09-27 03:59:28.804598"], ["updated_at", "2019-09-27 03:59:28.804598"]]
  ↳ bin/rails:4
  [1m[35m (190.3ms)[0m  [1m[36mcommit transaction[0m
  ↳ bin/rails:4
  [1m[35m (0.7ms)[0m  [1m[34mSELECT "schema_migrations"."version" FROM "schema_migrations" ORDER BY "schema_migrations"."version" ASC[0m
  ↳ bin/rails:4
  [1m[36mDepartment Load (11.2ms)[0m  [1m[34mSELECT  "departments".* FROM "departments" LIMIT ?[0m  [["LIMIT", 11]]
  [1m[35m (0.1ms)[0m  [1m[36mbegin transaction[0m
  [1m[36mDepartment Create (46.0ms)[0m  [1m[32mINSERT INTO "departments" ("name", "created_at", "updated_at") VALUES (?, ?, ?)[0m  [["name", "CSE"], ["created_at", "2019-09-27 04:03:29.162051"], ["updated_at", "2019-09-27 04:03:29.162051"]]
  [1m[35m (35.4ms)[0m  [1m[36mcommit transaction[0m
  [1m[36mDepartment Load (0.4ms)[0m  [1m[34mSELECT  "departments".* FROM "departments" WHERE "departments"."name" = ? LIMIT ?[0m  [["name", "CSE"], ["LIMIT", 1]]
  [1m[35m (0.1ms)[0m  [1m[36mbegin transaction[0m
  [1m[36mDepartment Update (1.4ms)[0m  [1m[33mUPDATE "departments" SET "name" = ?, "updated_at" = ? WHERE "departments"."id" = ?[0m  [["name", "MECH"], ["updated_at", "2019-09-27 04:04:01.349845"], ["id", 1]]
  [1m[35m (50.1ms)[0m  [1m[36mcommit transaction[0m
  [1m[36mDepartment Load (0.5ms)[0m  [1m[34mSELECT  "departments".* FROM "departments" ORDER BY "departments"."id" ASC LIMIT ?[0m  [["LIMIT", 1]]
  [1m[35m (0.5ms)[0m  [1m[34mSELECT "schema_migrations"."version" FROM "schema_migrations" ORDER BY "schema_migrations"."version" ASC[0m
  ↳ bin/rails:4
Migrating to CreateSections (20190927040627)
  [1m[35m (0.1ms)[0m  [1m[36mbegin transaction[0m
  ↳ bin/rails:4
  [1m[35m (0.3ms)[0m  [1m[34mSELECT sqlite_version(*)[0m
  ↳ db/migrate/20190927040627_create_sections.rb:3
  [1m[35m (2.5ms)[0m  [1m[35mCREATE TABLE "sections" ("id" integer PRIMARY KEY AUTOINCREMENT NOT NULL, "name" varchar, "created_at" datetime NOT NULL, "updated_at" datetime NOT NULL)[0m
  ↳ db/migrate/20190927040627_create_sections.rb:3
  [1m[36mActiveRecord::SchemaMigration Create (0.5ms)[0m  [1m[32mINSERT INTO "schema_migrations" ("version") VALUES (?)[0m  [["version", "20190927040627"]]
  ↳ bin/rails:4
  [1m[35m (64.5ms)[0m  [1m[36mcommit transaction[0m
  ↳ bin/rails:4
  [1m[36mActiveRecord::InternalMetadata Load (1.9ms)[0m  [1m[34mSELECT  "ar_internal_metadata".* FROM "ar_internal_metadata" WHERE "ar_internal_metadata"."key" = ? LIMIT ?[0m  [["key", "environment"], ["LIMIT", 1]]
  ↳ bin/rails:4
  [1m[35m (0.1ms)[0m  [1m[36mbegin transaction[0m
  ↳ bin/rails:4
  [1m[35m (0.1ms)[0m  [1m[36mcommit transaction[0m
  ↳ bin/rails:4
  [1m[35m (0.5ms)[0m  [1m[34mSELECT "schema_migrations"."version" FROM "schema_migrations" ORDER BY "schema_migrations"."version" ASC[0m
  ↳ bin/rails:4
  [1m[35m (0.6ms)[0m  [1m[34mSELECT "schema_migrations"."version" FROM "schema_migrations" ORDER BY "schema_migrations"."version" ASC[0m
  ↳ bin/rails:4
Migrating to AddDepartmentToSection (20190927040731)
  [1m[35m (0.1ms)[0m  [1m[36mbegin transaction[0m
  ↳ bin/rails:4
  [1m[35m (31.3ms)[0m  [1m[35mALTER TABLE "sections" ADD "department_id" integer[0m
  ↳ db/migrate/20190927040731_add_department_to_section.rb:3
  [1m[36mActiveRecord::SchemaMigration Create (0.3ms)[0m  [1m[32mINSERT INTO "schema_migrations" ("version") VALUES (?)[0m  [["version", "20190927040731"]]
  ↳ bin/rails:4
  [1m[35m (35.7ms)[0m  [1m[36mcommit transaction[0m
  ↳ bin/rails:4
  [1m[36mActiveRecord::InternalMetadata Load (0.5ms)[0m  [1m[34mSELECT  "ar_internal_metadata".* FROM "ar_internal_metadata" WHERE "ar_internal_metadata"."key" = ? LIMIT ?[0m  [["key", "environment"], ["LIMIT", 1]]
  ↳ bin/rails:4
  [1m[35m (1.3ms)[0m  [1m[36mbegin transaction[0m
  ↳ bin/rails:4
  [1m[35m (0.1ms)[0m  [1m[36mcommit transaction[0m
  ↳ bin/rails:4
  [1m[35m (0.3ms)[0m  [1m[34mSELECT "schema_migrations"."version" FROM "schema_migrations" ORDER BY "schema_migrations"."version" ASC[0m
  ↳ bin/rails:4
  [1m[35m (0.1ms)[0m  [1m[36mbegin transaction[0m
  [1m[36mSection Create (1.6ms)[0m  [1m[32mINSERT INTO "sections" ("name", "created_at", "updated_at", "department_id") VALUES (?, ?, ?, ?)[0m  [["name", "A01"], ["created_at", "2019-09-27 04:10:08.861331"], ["updated_at", "2019-09-27 04:10:08.861331"], ["department_id", 1]]
  [1m[35m (244.6ms)[0m  [1m[36mcommit transaction[0m
  [1m[35m (0.1ms)[0m  [1m[36mbegin transaction[0m
  [1m[36mSection Create (1.5ms)[0m  [1m[32mINSERT INTO "sections" ("name", "created_at", "updated_at", "department_id") VALUES (?, ?, ?, ?)[0m  [["name", "A02"], ["created_at", "2019-09-27 04:10:58.262770"], ["updated_at", "2019-09-27 04:10:58.262770"], ["department_id", 1]]
  [1m[35m (63.3ms)[0m  [1m[36mcommit transaction[0m
  [1m[36mDepartment Load (0.3ms)[0m  [1m[34mSELECT  "departments".* FROM "departments" WHERE "departments"."id" = ? LIMIT ?[0m  [["id", 1], ["LIMIT", 1]]
  [1m[36mSection Load (0.3ms)[0m  [1m[34mSELECT  "sections".* FROM "sections" WHERE "sections"."department_id" = ? LIMIT ?[0m  [["department_id", 1], ["LIMIT", 11]]
  [1m[36mSection Load (0.6ms)[0m  [1m[34mSELECT "sections".* FROM "sections" WHERE "sections"."department_id" = ?[0m  [["department_id", 1]]
  [1m[36mSection Load (0.6ms)[0m  [1m[34mSELECT  "sections".* FROM "sections" ORDER BY "sections"."id" ASC LIMIT ?[0m  [["LIMIT", 1]]
  [1m[36mSection Load (0.4ms)[0m  [1m[34mSELECT  "sections".* FROM "sections" ORDER BY "sections"."id" ASC LIMIT ?[0m  [["LIMIT", 1]]
  [1m[36mSection Load (0.5ms)[0m  [1m[34mSELECT  "sections".* FROM "sections" ORDER BY "sections"."id" ASC LIMIT ?[0m  [["LIMIT", 1]]
  [1m[36mDepartment Load (0.4ms)[0m  [1m[34mSELECT  "departments".* FROM "departments" ORDER BY "departments"."id" DESC LIMIT ?[0m  [["LIMIT", 1]]
  [1m[36mSection Load (0.5ms)[0m  [1m[34mSELECT  "sections".* FROM "sections" ORDER BY "sections"."id" ASC LIMIT ?[0m  [["LIMIT", 1]]
  [1m[36mSection Load (0.3ms)[0m  [1m[34mSELECT  "sections".* FROM "sections" ORDER BY "sections"."id" ASC LIMIT ?[0m  [["LIMIT", 1]]
  [1m[36mSection Load (0.3ms)[0m  [1m[34mSELECT  "sections".* FROM "sections" ORDER BY "sections"."id" ASC LIMIT ?[0m  [["LIMIT", 1]]
  [1m[36mSection Load (0.3ms)[0m  [1m[34mSELECT  "sections".* FROM "sections" WHERE "sections"."department_id" = ? LIMIT ?[0m  [["department_id", 1], ["LIMIT", 11]]
  [1m[36mDepartment Load (0.3ms)[0m  [1m[34mSELECT  "departments".* FROM "departments" WHERE "departments"."id" = ? LIMIT ?[0m  [["id", 1], ["LIMIT", 1]]
  [1m[36mSection Load (0.3ms)[0m  [1m[34mSELECT  "sections".* FROM "sections" ORDER BY "sections"."id" ASC LIMIT ?[0m  [["LIMIT", 1]]
  [1m[36mSection Load (0.2ms)[0m  [1m[34mSELECT  "sections".* FROM "sections" WHERE "sections"."department_id" = ? LIMIT ?[0m  [["department_id", 1], ["LIMIT", 11]]
  [1m[36mDepartment Load (0.3ms)[0m  [1m[34mSELECT  "departments".* FROM "departments" ORDER BY "departments"."id" DESC LIMIT ?[0m  [["LIMIT", 1]]
  [1m[36mSection Load (0.5ms)[0m  [1m[34mSELECT  "sections".* FROM "sections" ORDER BY "sections"."id" ASC LIMIT ?[0m  [["LIMIT", 1]]
  [1m[35m (29.3ms)[0m  [1m[34mSELECT "schema_migrations"."version" FROM "schema_migrations" ORDER BY "schema_migrations"."version" ASC[0m
  ↳ bin/rails:4
Migrating to CreateStudents (20190927160607)
  [1m[35m (0.1ms)[0m  [1m[36mbegin transaction[0m
  ↳ bin/rails:4
  [1m[35m (9.8ms)[0m  [1m[34mSELECT sqlite_version(*)[0m
  ↳ db/migrate/20190927160607_create_students.rb:3
  [1m[35m (14.2ms)[0m  [1m[35mCREATE TABLE "students" ("id" integer PRIMARY KEY AUTOINCREMENT NOT NULL, "name" varchar, "email" varchar, "roll_no" integer, "created_at" datetime NOT NULL, "updated_at" datetime NOT NULL)[0m
  ↳ db/migrate/20190927160607_create_students.rb:3
  [1m[36mActiveRecord::SchemaMigration Create (42.9ms)[0m  [1m[32mINSERT INTO "schema_migrations" ("version") VALUES (?)[0m  [["version", "20190927160607"]]
  ↳ bin/rails:4
  [1m[35m (283.6ms)[0m  [1m[36mcommit transaction[0m
  ↳ bin/rails:4
  [1m[36mActiveRecord::InternalMetadata Load (35.4ms)[0m  [1m[34mSELECT  "ar_internal_metadata".* FROM "ar_internal_metadata" WHERE "ar_internal_metadata"."key" = ? LIMIT ?[0m  [["key", "environment"], ["LIMIT", 1]]
  ↳ bin/rails:4
  [1m[35m (0.1ms)[0m  [1m[36mbegin transaction[0m
  ↳ bin/rails:4
  [1m[35m (0.1ms)[0m  [1m[36mcommit transaction[0m
  ↳ bin/rails:4
  [1m[35m (0.3ms)[0m  [1m[34mSELECT "schema_migrations"."version" FROM "schema_migrations" ORDER BY "schema_migrations"."version" ASC[0m
  ↳ bin/rails:4
  [1m[35m (0.3ms)[0m  [1m[34mSELECT "schema_migrations"."version" FROM "schema_migrations" ORDER BY "schema_migrations"."version" ASC[0m
  ↳ bin/rails:4
Migrating to AddDepartmentToStudent (20190927160812)
  [1m[35m (0.1ms)[0m  [1m[36mbegin transaction[0m
  ↳ bin/rails:4
  [1m[36mActiveRecord::SchemaMigration Create (1.3ms)[0m  [1m[32mINSERT INTO "schema_migrations" ("version") VALUES (?)[0m  [["version", "20190927160812"]]
  ↳ bin/rails:4
  [1m[35m (90.5ms)[0m  [1m[36mcommit transaction[0m
  ↳ bin/rails:4
  [1m[36mActiveRecord::InternalMetadata Load (0.3ms)[0m  [1m[34mSELECT  "ar_internal_metadata".* FROM "ar_internal_metadata" WHERE "ar_internal_metadata"."key" = ? LIMIT ?[0m  [["key", "environment"], ["LIMIT", 1]]
  ↳ bin/rails:4
  [1m[35m (0.1ms)[0m  [1m[36mbegin transaction[0m
  ↳ bin/rails:4
  [1m[35m (0.1ms)[0m  [1m[36mcommit transaction[0m
  ↳ bin/rails:4
  [1m[35m (0.2ms)[0m  [1m[34mSELECT "schema_migrations"."version" FROM "schema_migrations" ORDER BY "schema_migrations"."version" ASC[0m
  ↳ bin/rails:4
  [1m[35m (0.3ms)[0m  [1m[34mSELECT "schema_migrations"."version" FROM "schema_migrations" ORDER BY "schema_migrations"."version" ASC[0m
  ↳ bin/rails:4
Migrating to AddSectionToStudent (20190927160903)
  [1m[35m (0.1ms)[0m  [1m[36mbegin transaction[0m
  ↳ bin/rails:4
  [1m[36mActiveRecord::SchemaMigration Create (24.8ms)[0m  [1m[32mINSERT INTO "schema_migrations" ("version") VALUES (?)[0m  [["version", "20190927160903"]]
  ↳ bin/rails:4
  [1m[35m (378.3ms)[0m  [1m[36mcommit transaction[0m
  ↳ bin/rails:4
  [1m[36mActiveRecord::InternalMetadata Load (0.3ms)[0m  [1m[34mSELECT  "ar_internal_metadata".* FROM "ar_internal_metadata" WHERE "ar_internal_metadata"."key" = ? LIMIT ?[0m  [["key", "environment"], ["LIMIT", 1]]
  ↳ bin/rails:4
  [1m[35m (0.1ms)[0m  [1m[36mbegin transaction[0m
  ↳ bin/rails:4
  [1m[35m (0.0ms)[0m  [1m[36mcommit transaction[0m
  ↳ bin/rails:4
  [1m[35m (0.2ms)[0m  [1m[34mSELECT "schema_migrations"."version" FROM "schema_migrations" ORDER BY "schema_migrations"."version" ASC[0m
  ↳ bin/rails:4
